<?xml version="1.0" encoding="UTF-8"?>
<testsuite xmlns:xsi="http://www.w3.org/2001/XMLSchema-instance" xsi:noNamespaceSchemaLocation="https://maven.apache.org/surefire/maven-surefire-plugin/xsd/surefire-test-report-3.0.xsd" version="3.0" name="com.example.demo.UserRepositoryTest" time="0.706" tests="1" errors="0" skipped="0" failures="0">
  <properties>
[...]
</properties>
  <testcase name="testFindByName" classname="com.example.demo.UserRepositoryTest" time="0.219">
    <system-out><![CDATA[2026-07-07T16:20:02.542+05:30  INFO 26388 --- [           main] t.c.s.AnnotationConfigContextLoaderUtils : Could not detect default configuration classes for test class [com.example.demo.UserRepositoryTest]: UserRepositoryTest does not declare any static, non-private, non-final, nested classes annotated with @Configuration.
2026-07-07T16:20:02.567+05:30  INFO 26388 --- [           main] .b.t.c.SpringBootTestContextBootstrapper : Found @SpringBootConfiguration com.example.demo.DemoApplication for test class com.example.demo.UserRepositoryTest

  .   ____          _            __ _ _
 /\\ / ___'_ __ _ _(_)_ __  __ _ \ \ \ \
( ( )\___ | '_ | '_| | '_ \/ _` | \ \ \ \
 \\/  ___)| |_)| | | | | || (_| |  ) ) ) )
  '  |____| .__|_| |_|_| |_\__, | / / / /
 =========|_|==============|___/=/_/_/_/

 :: Spring Boot ::                (v3.3.2)

2026-07-07T16:20:02.602+05:30  INFO 26388 --- [           main] com.example.demo.UserRepositoryTest      : Starting UserRepositoryTest using Java 17.0.19 with PID 26388 (started by wesly in C:\Users\wesly\OneDrive\JUnit,Mockito and SL4J\Spring Testing Exercises)
2026-07-07T16:20:02.603+05:30  INFO 26388 --- [           main] com.example.demo.UserRepositoryTest      : No active profile set, falling back to 1 default profile: "default"
2026-07-07T16:20:02.757+05:30  INFO 26388 --- [           main] .s.d.r.c.RepositoryConfigurationDelegate : Bootstrapping Spring Data JPA repositories in DEFAULT mode.
2026-07-07T16:20:02.776+05:30  INFO 26388 --- [           main] .s.d.r.c.RepositoryConfigurationDelegate : Finished Spring Data repository scanning in 18 ms. Found 1 JPA repository interface.
2026-07-07T16:20:02.796+05:30  INFO 26388 --- [           main] beddedDataSourceBeanFactoryPostProcessor : Replacing 'dataSource' DataSource bean with embedded version
2026-07-07T16:20:02.835+05:30  INFO 26388 --- [           main] o.s.j.d.e.EmbeddedDatabaseFactory        : Starting embedded database: url='jdbc:h2:mem:87f583bf-7bcf-4077-b6c3-899795eb9713;DB_CLOSE_DELAY=-1;DB_CLOSE_ON_EXIT=false', username='sa'
2026-07-07T16:20:02.870+05:30  INFO 26388 --- [           main] o.hibernate.jpa.internal.util.LogHelper  : HHH000204: Processing PersistenceUnitInfo [name: default]
2026-07-07T16:20:02.879+05:30  INFO 26388 --- [           main] o.h.c.internal.RegionFactoryInitiator    : HHH000026: Second-level cache disabled
2026-07-07T16:20:02.898+05:30  INFO 26388 --- [           main] o.s.o.j.p.SpringPersistenceUnitInfo      : No LoadTimeWeaver setup: ignoring JPA class transformer
2026-07-07T16:20:02.953+05:30  INFO 26388 --- [           main] o.h.e.t.j.p.i.JtaPlatformInitiator       : HHH000489: No JTA platform available (set 'hibernate.transaction.jta.platform' to enable JTA platform integration)
Hibernate: drop table if exists users cascade 
Hibernate: create table users (id bigint generated by default as identity, name varchar(255), primary key (id))
2026-07-07T16:20:02.959+05:30  INFO 26388 --- [           main] j.LocalContainerEntityManagerFactoryBean : Initialized JPA EntityManagerFactory for persistence unit 'default'
2026-07-07T16:20:03.020+05:30  INFO 26388 --- [           main] com.example.demo.UserRepositoryTest      : Started UserRepositoryTest in 0.448 seconds (process running for 7.304)
Hibernate: insert into users (name,id) values (?,default)
Hibernate: insert into users (name,id) values (?,default)
Hibernate: select u1_0.id,u1_0.name from users u1_0 where u1_0.name=?
]]></system-out>
  </testcase>
</testsuite>